
Build Environment Requirement
=============================================================
* ********* Suggested OS and Tool Chain to install *********
*
*       OS                         : Linux distribution Ubuntu 10.04
*       Memory Size                : 4G or above
*       make                       : GNU Make 3.81 or 3.82
*       perl                       : Version 5.10.X
*       python                     : Version 2.6.X
*       arm-linux-androideabi-gcc  : Version 4.6.X
*       gcc                        : Version 4.4.3
*       jdk                        : Version 1.6.X
*       bison                      : Version 2.4.X
*       flex                       : Version 2.5.X
*       gperf                      : Version 3.0.X
*       mingw                      : Installed
*       unix2dos/tofrodos          : Installed
* **********************************************************
=============================================================


Build Environment Check Result Report
*************************************************************

[OS]: Ubuntu 14.04.3 (64-bit) [WARNING]
your ubuntu os version is higher than recommendation

[Physical Memory Size] : unknown K-Bytes [FAIL]
[make]: 3.81 (64-bit) [OK]
[perl]: 5.18.2 (64-bit) [WARNING]
your perl version is higher than recommendation

[python]: 2.7.6 (64-bit) [WARNING]
your python version is higher than recommendation

[arm-linux-androideabi-gcc]: [FAIL]
you have not installed arm-linux-androideabi-gcc

[gcc]: 4.8.4 (64-bit) [WARNING]
your gcc version is higher than recommendation

[jdk]: 1.6.0_45 (64-bit) [OK]
[bison]: [FAIL]
you have not installed bison

[flex]: [FAIL]
you have not installed flex

[gperf]: [FAIL]
you have not installed gperf

[mingw]: [FAIL]
you have not installed mingw32(i586-mingw32msvc-gcc is NOT in your path)

[unix2dos/tofrodos]: [FAIL]
you have not installed unix2dos/tofrodos command(unix2dos/todos is NOT in your path)

*************************************************************

